Time:2016/06/29 01:16:17	file:tcpserver.go	func:logging	line:52	level:INF	msg:Send
		00 01 02 03 04 05 06 07 08 09 0a 0b 0c 0d 0e 0f
0x00	fb ff ff ff 04 00 00 00 00 00 00 00 
Time:2016/06/29 01:16:22	file:tcpserver.go	func:logging	line:52	level:INF	msg:Send
		00 01 02 03 04 05 06 07 08 09 0a 0b 0c 0d 0e 0f
0x00	fb ff ff ff 04 00 00 00 00 00 00 00 
Time:2016/06/29 01:16:27	file:tcpserver.go	func:logging	line:52	level:INF	msg:Send
		00 01 02 03 04 05 06 07 08 09 0a 0b 0c 0d 0e 0f
0x00	fb ff ff ff 04 00 00 00 00 00 00 00 
Time:2016/06/29 01:16:32	file:tcpserver.go	func:logging	line:52	level:INF	msg:Send
		00 01 02 03 04 05 06 07 08 09 0a 0b 0c 0d 0e 0f
0x00	fb ff ff ff 04 00 00 00 00 00 00 00 
Time:2016/06/29 01:16:37	file:tcpserver.go	func:logging	line:52	level:INF	msg:Send
		00 01 02 03 04 05 06 07 08 09 0a 0b 0c 0d 0e 0f
0x00	fb ff ff ff 04 00 00 00 00 00 00 00 
Time:2016/06/29 01:16:42	file:tcpserver.go	func:logging	line:52	level:INF	msg:Send
		00 01 02 03 04 05 06 07 08 09 0a 0b 0c 0d 0e 0f
0x00	fb ff ff ff 04 00 00 00 00 00 00 00 
Time:2016/06/29 01:16:47	file:tcpserver.go	func:logging	line:52	level:INF	msg:Send
		00 01 02 03 04 05 06 07 08 09 0a 0b 0c 0d 0e 0f
0x00	fb ff ff ff 04 00 00 00 00 00 00 00 
Time:2016/06/29 01:16:52	file:tcpserver.go	func:logging	line:52	level:INF	msg:Send
		00 01 02 03 04 05 06 07 08 09 0a 0b 0c 0d 0e 0f
0x00	fb ff ff ff 04 00 00 00 00 00 00 00 
Time:2016/06/29 01:16:57	file:tcpserver.go	func:logging	line:52	level:INF	msg:Send
		00 01 02 03 04 05 06 07 08 09 0a 0b 0c 0d 0e 0f
0x00	fb ff ff ff 04 00 00 00 00 00 00 00 
